*** Starting uWSGI 2.0.18 (64bit) on [Wed Aug 14 19:25:53 2019] ***
compiled with version: 5.4.0 20160609 on 14 August 2019 06:31:52
os: Linux-4.15.0-38-generic #41~16.04.1-Ubuntu SMP Wed Oct 10 20:16:04 UTC 2018
nodename: jerry
machine: x86_64
clock source: unix
detected number of CPU cores: 8
current working directory: /home/jerry/workshop/projects/flask_tutorial
writing pidfile to /home/jerry/workshop/projects/flask_tutorial/log/uwsgi.pid
detected binary path: /home/jerry/workshop/virtualenv/venv3/bin/uwsgi
!!! no internal routing support, rebuild with pcre support !!!
chdir() to /home/jerry/workshop/projects/flask_tutorial
*** WARNING: you are running uWSGI without its master process manager ***
your processes number limit is 62576
your memory page size is 4096 bytes
detected max file descriptor number: 65536
lock engine: pthread robust mutexes
thunder lock: disabled (you can enable it with --thunder-lock)
uwsgi socket 0 bound to TCP address 127.0.0.1:8989 fd 3
Python version: 3.6.7 (default, Oct 25 2018, 09:16:13)  [GCC 5.4.0 20160609]
*** Python threads support is disabled. You can enable it with --enable-threads ***
Python main interpreter initialized at 0xe10d30
your server socket listen backlog is limited to 100 connections
your mercy for graceful operations on workers is 60 seconds
mapped 72920 bytes (71 KB) for 1 cores
*** Operational MODE: single process ***
unable to load configuration from from multiprocessing.semaphore_tracker import main;main(7)
WSGI app 0 (mountpoint='') ready in 1 seconds on interpreter 0xe10d30 pid: 1033 (default app)
*** uWSGI is running in multiple interpreter mode ***
spawned uWSGI worker 1 (and the only) (pid: 1033, cores: 1)
*** Starting uWSGI 2.0.18 (64bit) on [Wed Aug 14 19:28:52 2019] ***
compiled with version: 5.4.0 20160609 on 14 August 2019 06:31:52
os: Linux-4.15.0-38-generic #41~16.04.1-Ubuntu SMP Wed Oct 10 20:16:04 UTC 2018
nodename: jerry
machine: x86_64
clock source: unix
detected number of CPU cores: 8
current working directory: /home/jerry/workshop/projects/flask_tutorial
writing pidfile to /home/jerry/workshop/projects/flask_tutorial/log/uwsgi.pid
detected binary path: /home/jerry/workshop/virtualenv/venv3/bin/uwsgi
!!! no internal routing support, rebuild with pcre support !!!
chdir() to /home/jerry/workshop/projects/flask_tutorial
*** WARNING: you are running uWSGI without its master process manager ***
your processes number limit is 62576
your memory page size is 4096 bytes
detected max file descriptor number: 65536
lock engine: pthread robust mutexes
thunder lock: disabled (you can enable it with --thunder-lock)
uwsgi socket 0 bound to TCP address 127.0.0.1:8989 fd 3
Python version: 3.6.7 (default, Oct 25 2018, 09:16:13)  [GCC 5.4.0 20160609]
*** Python threads support is disabled. You can enable it with --enable-threads ***
Python main interpreter initialized at 0x1dccd30
your server socket listen backlog is limited to 100 connections
your mercy for graceful operations on workers is 60 seconds
mapped 72920 bytes (71 KB) for 1 cores
*** Operational MODE: single process ***
unable to load configuration from from multiprocessing.semaphore_tracker import main;main(7)
WSGI app 0 (mountpoint='') ready in 1 seconds on interpreter 0x1dccd30 pid: 1929 (default app)
*** uWSGI is running in multiple interpreter mode ***
spawned uWSGI worker 1 (and the only) (pid: 1929, cores: 1)
*** Starting uWSGI 2.0.18 (64bit) on [Wed Aug 14 19:31:33 2019] ***
compiled with version: 5.4.0 20160609 on 14 August 2019 06:31:52
os: Linux-4.15.0-38-generic #41~16.04.1-Ubuntu SMP Wed Oct 10 20:16:04 UTC 2018
nodename: jerry
machine: x86_64
clock source: unix
detected number of CPU cores: 8
current working directory: /home/jerry/workshop/projects/flask_tutorial
writing pidfile to /home/jerry/workshop/projects/flask_tutorial/log/uwsgi.pid
detected binary path: /home/jerry/workshop/virtualenv/venv3/bin/uwsgi
!!! no internal routing support, rebuild with pcre support !!!
chdir() to /home/jerry/workshop/projects/flask_tutorial
*** WARNING: you are running uWSGI without its master process manager ***
your processes number limit is 62576
your memory page size is 4096 bytes
detected max file descriptor number: 65536
lock engine: pthread robust mutexes
thunder lock: disabled (you can enable it with --thunder-lock)
uwsgi socket 0 bound to TCP address 127.0.0.1:8989 fd 3
Python version: 3.6.7 (default, Oct 25 2018, 09:16:13)  [GCC 5.4.0 20160609]
*** Python threads support is disabled. You can enable it with --enable-threads ***
Python main interpreter initialized at 0x1212d30
your server socket listen backlog is limited to 100 connections
your mercy for graceful operations on workers is 60 seconds
mapped 72920 bytes (71 KB) for 1 cores
*** Operational MODE: single process ***
unable to load configuration from from multiprocessing.semaphore_tracker import main;main(7)
WSGI app 0 (mountpoint='') ready in 0 seconds on interpreter 0x1212d30 pid: 2837 (default app)
*** uWSGI is running in multiple interpreter mode ***
spawned uWSGI worker 1 (and the only) (pid: 2837, cores: 1)
*** Starting uWSGI 2.0.18 (64bit) on [Wed Aug 14 19:34:04 2019] ***
compiled with version: 5.4.0 20160609 on 14 August 2019 06:31:52
os: Linux-4.15.0-38-generic #41~16.04.1-Ubuntu SMP Wed Oct 10 20:16:04 UTC 2018
nodename: jerry
machine: x86_64
clock source: unix
detected number of CPU cores: 8
current working directory: /home/jerry/workshop/projects/flask_tutorial
writing pidfile to /home/jerry/workshop/projects/flask_tutorial/log/uwsgi.pid
detected binary path: /home/jerry/workshop/virtualenv/venv3/bin/uwsgi
!!! no internal routing support, rebuild with pcre support !!!
chdir() to /home/jerry/workshop/projects/flask_tutorial
*** WARNING: you are running uWSGI without its master process manager ***
your processes number limit is 62576
your memory page size is 4096 bytes
detected max file descriptor number: 65536
- async cores set to 40 - fd table size: 65536
lock engine: pthread robust mutexes
thunder lock: disabled (you can enable it with --thunder-lock)
uwsgi socket 0 bound to TCP address 127.0.0.1:8989 fd 3
Python version: 3.6.7 (default, Oct 25 2018, 09:16:13)  [GCC 5.4.0 20160609]
Python main interpreter initialized at 0x853dc0
python threads support enabled
your server socket listen backlog is limited to 100 connections
your mercy for graceful operations on workers is 60 seconds
mapped 480704 bytes (469 KB) for 40 cores
*** Operational MODE: async ***
ModuleNotFoundError: No module named 'ugtest'
unable to load app 0 (mountpoint='') (callable not found or import error)
unable to load configuration from from multiprocessing.semaphore_tracker import main;main(7)
WSGI app 0 (mountpoint='') ready in 1 seconds on interpreter 0x853dc0 pid: 3518 (default app)
*** uWSGI is running in multiple interpreter mode ***
spawned uWSGI worker 1 (and the only) (pid: 3518, cores: 40)
*** running gevent loop engine [addr:0x48e770] ***
ModuleNotFoundError: No module named 'gevent'

If you suspect this is an IPython bug, please report it at:
    https://github.com/ipython/ipython/issues
or send an email to the mailing list at ipython-dev@python.org

You can print a more detailed traceback right now with "%tb", or use "%debug"
to interactively debug it.

Extra-detailed tracebacks for bug-reporting purposes can be enabled via:
    %config Application.verbose_crash=True

*** Starting uWSGI 2.0.18 (64bit) on [Wed Aug 14 19:35:49 2019] ***
compiled with version: 5.4.0 20160609 on 14 August 2019 06:31:52
os: Linux-4.15.0-38-generic #41~16.04.1-Ubuntu SMP Wed Oct 10 20:16:04 UTC 2018
nodename: jerry
machine: x86_64
clock source: unix
detected number of CPU cores: 8
current working directory: /home/jerry/workshop/projects/flask_tutorial
writing pidfile to /home/jerry/workshop/projects/flask_tutorial/log/uwsgi.pid
detected binary path: /home/jerry/workshop/virtualenv/venv3/bin/uwsgi
!!! no internal routing support, rebuild with pcre support !!!
chdir() to /home/jerry/workshop/projects/flask_tutorial
*** WARNING: you are running uWSGI without its master process manager ***
your processes number limit is 62576
your memory page size is 4096 bytes
detected max file descriptor number: 65536
- async cores set to 40 - fd table size: 65536
lock engine: pthread robust mutexes
thunder lock: disabled (you can enable it with --thunder-lock)
uwsgi socket 0 bound to TCP address 127.0.0.1:8989 fd 3
Python version: 3.6.7 (default, Oct 25 2018, 09:16:13)  [GCC 5.4.0 20160609]
Python main interpreter initialized at 0x97dea0
python threads support enabled
your server socket listen backlog is limited to 100 connections
your mercy for graceful operations on workers is 60 seconds
mapped 480704 bytes (469 KB) for 40 cores
*** Operational MODE: async ***
ModuleNotFoundError: No module named 'ugtest'
unable to load app 0 (mountpoint='') (callable not found or import error)
unable to load configuration from from multiprocessing.semaphore_tracker import main;main(7)
WSGI app 0 (mountpoint='') ready in 0 seconds on interpreter 0x97dea0 pid: 3962 (default app)
*** uWSGI is running in multiple interpreter mode ***
spawned uWSGI worker 1 (and the only) (pid: 3962, cores: 40)
*** running gevent loop engine [addr:0x48e770] ***
ModuleNotFoundError: No module named 'gevent'

If you suspect this is an IPython bug, please report it at:
    https://github.com/ipython/ipython/issues
or send an email to the mailing list at ipython-dev@python.org

You can print a more detailed traceback right now with "%tb", or use "%debug"
to interactively debug it.

Extra-detailed tracebacks for bug-reporting purposes can be enabled via:
    %config Application.verbose_crash=True

*** Starting uWSGI 2.0.18 (64bit) on [Wed Aug 14 19:36:34 2019] ***
compiled with version: 5.4.0 20160609 on 14 August 2019 06:31:52
os: Linux-4.15.0-38-generic #41~16.04.1-Ubuntu SMP Wed Oct 10 20:16:04 UTC 2018
nodename: jerry
machine: x86_64
clock source: unix
detected number of CPU cores: 8
current working directory: /home/jerry/workshop/projects/flask_tutorial
writing pidfile to /home/jerry/workshop/projects/flask_tutorial/log/uwsgi.pid
detected binary path: /home/jerry/workshop/virtualenv/venv3/bin/uwsgi
!!! no internal routing support, rebuild with pcre support !!!
chdir() to /home/jerry/workshop/projects/flask_tutorial
*** WARNING: you are running uWSGI without its master process manager ***
your processes number limit is 62576
your memory page size is 4096 bytes
detected max file descriptor number: 65536
- async cores set to 40 - fd table size: 65536
lock engine: pthread robust mutexes
thunder lock: disabled (you can enable it with --thunder-lock)
uwsgi socket 0 bound to TCP address 127.0.0.1:8989 fd 3
Python version: 3.6.7 (default, Oct 25 2018, 09:16:13)  [GCC 5.4.0 20160609]
Python main interpreter initialized at 0xd02ea0
python threads support enabled
your server socket listen backlog is limited to 100 connections
your mercy for graceful operations on workers is 60 seconds
mapped 480704 bytes (469 KB) for 40 cores
*** Operational MODE: async ***
ModuleNotFoundError: No module named 'ugtest'
unable to load app 0 (mountpoint='') (callable not found or import error)
unable to load configuration from from multiprocessing.semaphore_tracker import main;main(7)
WSGI app 0 (mountpoint='') ready in 0 seconds on interpreter 0xd02ea0 pid: 4172 (default app)
*** uWSGI is running in multiple interpreter mode ***
spawned uWSGI worker 1 (and the only) (pid: 4172, cores: 40)
*** running gevent loop engine [addr:0x48e770] ***
Brutally killing worker 1 (pid: 4172)...
Wed Aug 14 20:01:25 2019 - stopping gevent sockets watchers for worker 1 (pid: 4172)...
Wed Aug 14 20:01:25 2019 - main gevent watchers stopped for worker 1 (pid: 4172)...
goodbye to the gevent Hub on worker 1 (pid: 4172)
*** Starting uWSGI 2.0.18 (64bit) on [Wed Aug 14 20:01:39 2019] ***
compiled with version: 5.4.0 20160609 on 14 August 2019 06:31:52
os: Linux-4.15.0-38-generic #41~16.04.1-Ubuntu SMP Wed Oct 10 20:16:04 UTC 2018
nodename: jerry
machine: x86_64
clock source: unix
detected number of CPU cores: 8
current working directory: /home/jerry/workshop/projects/flask_tutorial
writing pidfile to /home/jerry/workshop/projects/flask_tutorial/log/uwsgi.pid
detected binary path: /home/jerry/workshop/virtualenv/venv3/bin/uwsgi
!!! no internal routing support, rebuild with pcre support !!!
chdir() to /home/jerry/workshop/projects/flask_tutorial
*** WARNING: you are running uWSGI without its master process manager ***
your processes number limit is 62576
your memory page size is 4096 bytes
detected max file descriptor number: 65536
- async cores set to 40 - fd table size: 65536
lock engine: pthread robust mutexes
thunder lock: disabled (you can enable it with --thunder-lock)
probably another instance of uWSGI is running on the same address (127.0.0.1:8989).
bind(): Address already in use [core/socket.c line 769]
*** Starting uWSGI 2.0.18 (64bit) on [Wed Aug 14 20:03:01 2019] ***
compiled with version: 5.4.0 20160609 on 14 August 2019 06:31:52
os: Linux-4.15.0-38-generic #41~16.04.1-Ubuntu SMP Wed Oct 10 20:16:04 UTC 2018
nodename: jerry
machine: x86_64
clock source: unix
detected number of CPU cores: 8
current working directory: /home/jerry/workshop/projects/flask_tutorial
writing pidfile to /home/jerry/workshop/projects/flask_tutorial/log/uwsgi.pid
detected binary path: /home/jerry/workshop/virtualenv/venv3/bin/uwsgi
!!! no internal routing support, rebuild with pcre support !!!
chdir() to /home/jerry/workshop/projects/flask_tutorial
*** WARNING: you are running uWSGI without its master process manager ***
your processes number limit is 62576
your memory page size is 4096 bytes
detected max file descriptor number: 65536
- async cores set to 40 - fd table size: 65536
lock engine: pthread robust mutexes
thunder lock: disabled (you can enable it with --thunder-lock)
uwsgi socket 0 bound to TCP address 127.0.0.1:8989 fd 3
Python version: 3.6.7 (default, Oct 25 2018, 09:16:13)  [GCC 5.4.0 20160609]
Python main interpreter initialized at 0x1c29ea0
python threads support enabled
your server socket listen backlog is limited to 100 connections
your mercy for graceful operations on workers is 60 seconds
mapped 480704 bytes (469 KB) for 40 cores
*** Operational MODE: async ***
ModuleNotFoundError: No module named 'ugtest'
unable to load app 0 (mountpoint='') (callable not found or import error)
unable to load configuration from from multiprocessing.semaphore_tracker import main;main(7)
WSGI app 0 (mountpoint='') ready in 1 seconds on interpreter 0x1c29ea0 pid: 11227 (default app)
*** uWSGI is running in multiple interpreter mode ***
spawned uWSGI worker 1 (and the only) (pid: 11227, cores: 40)
*** running gevent loop engine [addr:0x48e770] ***
Brutally killing worker 1 (pid: 11227)...
Wed Aug 14 20:03:34 2019 - stopping gevent sockets watchers for worker 1 (pid: 11227)...
Wed Aug 14 20:03:34 2019 - main gevent watchers stopped for worker 1 (pid: 11227)...
goodbye to the gevent Hub on worker 1 (pid: 11227)
*** Starting uWSGI 2.0.18 (64bit) on [Wed Aug 14 20:03:43 2019] ***
compiled with version: 5.4.0 20160609 on 14 August 2019 06:31:52
os: Linux-4.15.0-38-generic #41~16.04.1-Ubuntu SMP Wed Oct 10 20:16:04 UTC 2018
nodename: jerry
machine: x86_64
clock source: unix
detected number of CPU cores: 8
current working directory: /home/jerry/workshop/projects/flask_tutorial
writing pidfile to /home/jerry/workshop/projects/flask_tutorial/log/uwsgi.pid
detected binary path: /home/jerry/workshop/virtualenv/venv3/bin/uwsgi
!!! no internal routing support, rebuild with pcre support !!!
chdir() to /home/jerry/workshop/projects/flask_tutorial
*** WARNING: you are running uWSGI without its master process manager ***
your processes number limit is 62576
your memory page size is 4096 bytes
detected max file descriptor number: 65536
lock engine: pthread robust mutexes
thunder lock: disabled (you can enable it with --thunder-lock)
uwsgi socket 0 bound to TCP address 127.0.0.1:8989 fd 3
Python version: 3.6.7 (default, Oct 25 2018, 09:16:13)  [GCC 5.4.0 20160609]
*** Python threads support is disabled. You can enable it with --enable-threads ***
Python main interpreter initialized at 0xc68d60
your server socket listen backlog is limited to 100 connections
your mercy for graceful operations on workers is 60 seconds
mapped 72920 bytes (71 KB) for 1 cores
*** Operational MODE: single process ***
unable to load configuration from from multiprocessing.semaphore_tracker import main;main(7)
WSGI app 0 (mountpoint='') ready in 0 seconds on interpreter 0xc68d60 pid: 11408 (default app)
*** uWSGI is running in multiple interpreter mode ***
spawned uWSGI worker 1 (and the only) (pid: 11408, cores: 1)
